<?xml version="1.0" encoding="UTF-8" ?>
<testsuite errors="0" failures="3" hostname="DESKTOP-34IR1DF" name="dao.AdminsDaoTest" skipped="0" tests="6" time="6.388" timestamp="2022-10-29T03:23:33">
  <properties>
[...]
</properties>
  <testcase classname="dao.AdminsDaoTest" name="testGetByUsernameAndPasswordThatIsNotExact" time="3.582">
    <failure message="Values should be different. Actual: Super Admin" type="junit.framework.AssertionFailedError">junit.framework.AssertionFailedError: Values should be different. Actual: Super Admin
	at dao.AdminsDaoTest.testGetByUsernameAndPasswordThatIsNotExact(AdminsDaoTest.java:101)
</failure>
  </testcase>
  <testcase classname="dao.AdminsDaoTest" name="testGetByUsernameThatIsNotExactAndPassword" time="0.714">
    <failure message="Values should be different. Actual: Super Admin" type="junit.framework.AssertionFailedError">junit.framework.AssertionFailedError: Values should be different. Actual: Super Admin
	at dao.AdminsDaoTest.testGetByUsernameThatIsNotExactAndPassword(AdminsDaoTest.java:88)
</failure>
  </testcase>
  <testcase classname="dao.AdminsDaoTest" name="testGetById" time="0.551" />
  <testcase classname="dao.AdminsDaoTest" name="testGetByUsernameAndPasswordThatAreExact" time="0.522" />
  <testcase classname="dao.AdminsDaoTest" name="testGetByUsernameAndPasswordThatAreNotExact" time="0.486">
    <failure message="expected null, but was:&lt;id=1, name=Super Admin, username=superadmin, password=superadmin123, insertPriv=true, selectPriv=true, updatePriv=true, deletePriv=true&#xa;&gt;" type="junit.framework.AssertionFailedError">junit.framework.AssertionFailedError: expected null, but was:&lt;id=1, name=Super Admin, username=superadmin, password=superadmin123, insertPriv=true, selectPriv=true, updatePriv=true, deletePriv=true
&gt;
	at dao.AdminsDaoTest.testGetByUsernameAndPasswordThatAreNotExact(AdminsDaoTest.java:114)
</failure>
  </testcase>
  <testcase classname="dao.AdminsDaoTest" name="testGetAll" time="0.468" />
  <system-out><![CDATA[getByUsernameAndPasswordThatIsNotExact
Hibernate: select admins0_.id as id1_0_, admins0_.name as name2_0_, admins0_.username as username3_0_, admins0_.password as password4_0_, admins0_.insert_priv as insert_p5_0_, admins0_.select_priv as select_p6_0_, admins0_.update_priv as update_p7_0_, admins0_.delete_priv as delete_p8_0_ from g2airline.admins admins0_ where admins0_.username=? and admins0_.password=?
getByUsernameThatIsNotExactAndPassword
Hibernate: select admins0_.id as id1_0_, admins0_.name as name2_0_, admins0_.username as username3_0_, admins0_.password as password4_0_, admins0_.insert_priv as insert_p5_0_, admins0_.select_priv as select_p6_0_, admins0_.update_priv as update_p7_0_, admins0_.delete_priv as delete_p8_0_ from g2airline.admins admins0_ where admins0_.username=? and admins0_.password=?
getById
Hibernate: select this_.id as id1_0_0_, this_.name as name2_0_0_, this_.username as username3_0_0_, this_.password as password4_0_0_, this_.insert_priv as insert_p5_0_0_, this_.select_priv as select_p6_0_0_, this_.update_priv as update_p7_0_0_, this_.delete_priv as delete_p8_0_0_ from g2airline.admins this_ where this_.id=?
getByUsernameAndPasswordThatAreExact
Hibernate: select admins0_.id as id1_0_, admins0_.name as name2_0_, admins0_.username as username3_0_, admins0_.password as password4_0_, admins0_.insert_priv as insert_p5_0_, admins0_.select_priv as select_p6_0_, admins0_.update_priv as update_p7_0_, admins0_.delete_priv as delete_p8_0_ from g2airline.admins admins0_ where admins0_.username=? and admins0_.password=?
getByUsernameAndPasswordThatAreNotExact
Hibernate: select admins0_.id as id1_0_, admins0_.name as name2_0_, admins0_.username as username3_0_, admins0_.password as password4_0_, admins0_.insert_priv as insert_p5_0_, admins0_.select_priv as select_p6_0_, admins0_.update_priv as update_p7_0_, admins0_.delete_priv as delete_p8_0_ from g2airline.admins admins0_ where admins0_.username=? and admins0_.password=?
getAll
Hibernate: select this_.id as id1_0_0_, this_.name as name2_0_0_, this_.username as username3_0_0_, this_.password as password4_0_0_, this_.insert_priv as insert_p5_0_0_, this_.select_priv as select_p6_0_0_, this_.update_priv as update_p7_0_0_, this_.delete_priv as delete_p8_0_0_ from g2airline.admins this_
]]></system-out>
  <system-err><![CDATA[Oct 29, 2022 10:23:33 AM org.hibernate.annotations.common.reflection.java.JavaReflectionManager <clinit>
INFO: HCANN000001: Hibernate Commons Annotations {4.0.4.Final}
Oct 29, 2022 10:23:33 AM org.hibernate.Version logVersion
INFO: HHH000412: Hibernate Core {4.3.1.Final}
Oct 29, 2022 10:23:33 AM org.hibernate.cfg.Environment <clinit>
INFO: HHH000206: hibernate.properties not found
Oct 29, 2022 10:23:33 AM org.hibernate.cfg.Environment buildBytecodeProvider
INFO: HHH000021: Bytecode provider name : javassist
Oct 29, 2022 10:23:33 AM org.hibernate.cfg.Configuration configure
INFO: HHH000043: Configuring from resource: hibernate.cfg.xml
Oct 29, 2022 10:23:33 AM org.hibernate.cfg.Configuration getConfigurationInputStream
INFO: HHH000040: Configuration resource: hibernate.cfg.xml
Oct 29, 2022 10:23:33 AM org.hibernate.internal.util.xml.DTDEntityResolver resolveEntity
WARN: HHH000223: Recognized obsolete hibernate namespace http://hibernate.sourceforge.net/. Use namespace http://www.hibernate.org/dtd/ instead. Refer to Hibernate 3.6 Migration Guide!
Oct 29, 2022 10:23:33 AM org.hibernate.cfg.Configuration addResource
INFO: HHH000221: Reading mappings from resource: pojo/Admins.hbm.xml
Oct 29, 2022 10:23:33 AM org.hibernate.cfg.Configuration addResource
INFO: HHH000221: Reading mappings from resource: pojo/Airplanes.hbm.xml
Oct 29, 2022 10:23:33 AM org.hibernate.cfg.Configuration addResource
INFO: HHH000221: Reading mappings from resource: pojo/ReservationsInfo.hbm.xml
Oct 29, 2022 10:23:33 AM org.hibernate.cfg.Configuration addResource
INFO: HHH000221: Reading mappings from resource: pojo/Airports.hbm.xml
Oct 29, 2022 10:23:33 AM org.hibernate.cfg.Configuration addResource
INFO: HHH000221: Reading mappings from resource: pojo/Users.hbm.xml
Oct 29, 2022 10:23:33 AM org.hibernate.cfg.Configuration addResource
INFO: HHH000221: Reading mappings from resource: pojo/BusinessSeats.hbm.xml
Oct 29, 2022 10:23:33 AM org.hibernate.cfg.Configuration addResource
INFO: HHH000221: Reading mappings from resource: pojo/EconomySeats.hbm.xml
Oct 29, 2022 10:23:33 AM org.hibernate.cfg.Configuration addResource
INFO: HHH000221: Reading mappings from resource: pojo/FirstClassSeats.hbm.xml
Oct 29, 2022 10:23:33 AM org.hibernate.cfg.Configuration addResource
INFO: HHH000221: Reading mappings from resource: pojo/Routes.hbm.xml
Oct 29, 2022 10:23:33 AM org.hibernate.cfg.Configuration addResource
INFO: HHH000221: Reading mappings from resource: pojo/Flights.hbm.xml
Oct 29, 2022 10:23:33 AM org.hibernate.cfg.Configuration addResource
INFO: HHH000221: Reading mappings from resource: pojo/PremiumEconomySeats.hbm.xml
Oct 29, 2022 10:23:33 AM org.hibernate.cfg.Configuration addResource
INFO: HHH000221: Reading mappings from resource: pojo/Airlines.hbm.xml
Oct 29, 2022 10:23:33 AM org.hibernate.cfg.Configuration addResource
INFO: HHH000221: Reading mappings from resource: pojo/Reservations.hbm.xml
Oct 29, 2022 10:23:33 AM org.hibernate.cfg.Configuration doConfigure
INFO: HHH000041: Configured SessionFactory: null
Oct 29, 2022 10:23:34 AM org.hibernate.engine.jdbc.connections.internal.DriverManagerConnectionProviderImpl configure
WARN: HHH000402: Using Hibernate built-in connection pool (not for production use!)
Oct 29, 2022 10:23:34 AM org.hibernate.engine.jdbc.connections.internal.DriverManagerConnectionProviderImpl buildCreator
INFO: HHH000401: using driver [com.mysql.jdbc.Driver] at URL [jdbc:mysql://localhost:3306/g2airline?zeroDateTimeBehavior=convertToNull]
Oct 29, 2022 10:23:34 AM org.hibernate.engine.jdbc.connections.internal.DriverManagerConnectionProviderImpl buildCreator
INFO: HHH000046: Connection properties: {user=root}
Oct 29, 2022 10:23:34 AM org.hibernate.engine.jdbc.connections.internal.DriverManagerConnectionProviderImpl buildCreator
INFO: HHH000006: Autocommit mode: false
Oct 29, 2022 10:23:34 AM org.hibernate.engine.jdbc.connections.internal.DriverManagerConnectionProviderImpl configure
INFO: HHH000115: Hibernate connection pool size: 20 (min=1)
Oct 29, 2022 10:23:34 AM org.hibernate.dialect.Dialect <init>
INFO: HHH000400: Using dialect: org.hibernate.dialect.MySQLDialect
Oct 29, 2022 10:23:34 AM org.hibernate.engine.transaction.internal.TransactionFactoryInitiator initiateService
INFO: HHH000399: Using default transaction strategy (direct JDBC transactions)
Oct 29, 2022 10:23:34 AM org.hibernate.hql.internal.ast.ASTQueryTranslatorFactory <init>
INFO: HHH000397: Using ASTQueryTranslatorFactory
Oct 29, 2022 10:23:34 AM org.hibernate.validator.internal.util.Version <clinit>
INFO: HV000001: Hibernate Validator 5.1.2.Final
Oct 29, 2022 10:23:36 AM org.hibernate.tool.hbm2ddl.SchemaUpdate execute
INFO: HHH000228: Running hbm2ddl schema update
Oct 29, 2022 10:23:36 AM org.hibernate.tool.hbm2ddl.SchemaUpdate execute
INFO: HHH000102: Fetching database metadata
Oct 29, 2022 10:23:36 AM org.hibernate.tool.hbm2ddl.SchemaUpdate execute
INFO: HHH000396: Updating schema
Oct 29, 2022 10:23:36 AM org.hibernate.tool.hbm2ddl.TableMetadata <init>
INFO: HHH000261: Table found: g2airline.admins
Oct 29, 2022 10:23:36 AM org.hibernate.tool.hbm2ddl.TableMetadata <init>
INFO: HHH000037: Columns: [password, delete_priv, update_priv, select_priv, name, id, insert_priv, username]
Oct 29, 2022 10:23:36 AM org.hibernate.tool.hbm2ddl.TableMetadata <init>
INFO: HHH000108: Foreign keys: []
Oct 29, 2022 10:23:36 AM org.hibernate.tool.hbm2ddl.TableMetadata <init>
INFO: HHH000126: Indexes: [primary]
Oct 29, 2022 10:23:36 AM org.hibernate.tool.hbm2ddl.TableMetadata <init>
INFO: HHH000261: Table found: g2airline.airlines
Oct 29, 2022 10:23:36 AM org.hibernate.tool.hbm2ddl.TableMetadata <init>
INFO: HHH000037: Columns: [code, name, id]
Oct 29, 2022 10:23:36 AM org.hibernate.tool.hbm2ddl.TableMetadata <init>
INFO: HHH000108: Foreign keys: []
Oct 29, 2022 10:23:36 AM org.hibernate.tool.hbm2ddl.TableMetadata <init>
INFO: HHH000126: Indexes: [primary]
Oct 29, 2022 10:23:36 AM org.hibernate.tool.hbm2ddl.TableMetadata <init>
INFO: HHH000261: Table found: g2airline.airplanes
Oct 29, 2022 10:23:36 AM org.hibernate.tool.hbm2ddl.TableMetadata <init>
INFO: HHH000037: Columns: [economy_seats, business_seats, airline_id, id, premium_economy_seats, first_class_seats, type, total_seats]
Oct 29, 2022 10:23:36 AM org.hibernate.tool.hbm2ddl.TableMetadata <init>
INFO: HHH000108: Foreign keys: [airplanes_airlines]
Oct 29, 2022 10:23:36 AM org.hibernate.tool.hbm2ddl.TableMetadata <init>
INFO: HHH000126: Indexes: [airplanes_airlines, primary]
Oct 29, 2022 10:23:36 AM org.hibernate.tool.hbm2ddl.TableMetadata <init>
INFO: HHH000261: Table found: g2airline.airports
Oct 29, 2022 10:23:36 AM org.hibernate.tool.hbm2ddl.TableMetadata <init>
INFO: HHH000037: Columns: [code, province, city, name, id]
Oct 29, 2022 10:23:36 AM org.hibernate.tool.hbm2ddl.TableMetadata <init>
INFO: HHH000108: Foreign keys: []
Oct 29, 2022 10:23:36 AM org.hibernate.tool.hbm2ddl.TableMetadata <init>
INFO: HHH000126: Indexes: [primary]
Oct 29, 2022 10:23:36 AM org.hibernate.tool.hbm2ddl.TableMetadata <init>
INFO: HHH000261: Table found: g2airline.business_seats
Oct 29, 2022 10:23:36 AM org.hibernate.tool.hbm2ddl.TableMetadata <init>
INFO: HHH000037: Columns: [airplane_id, number, id, row]
Oct 29, 2022 10:23:36 AM org.hibernate.tool.hbm2ddl.TableMetadata <init>
INFO: HHH000108: Foreign keys: [business_seats_airplane]
Oct 29, 2022 10:23:36 AM org.hibernate.tool.hbm2ddl.TableMetadata <init>
INFO: HHH000126: Indexes: [business_seats_airplanes, primary]
Oct 29, 2022 10:23:36 AM org.hibernate.tool.hbm2ddl.TableMetadata <init>
INFO: HHH000261: Table found: g2airline.economy_seats
Oct 29, 2022 10:23:36 AM org.hibernate.tool.hbm2ddl.TableMetadata <init>
INFO: HHH000037: Columns: [airplane_id, number, id, row]
Oct 29, 2022 10:23:36 AM org.hibernate.tool.hbm2ddl.TableMetadata <init>
INFO: HHH000108: Foreign keys: [economy_seats_airplanes]
Oct 29, 2022 10:23:36 AM org.hibernate.tool.hbm2ddl.TableMetadata <init>
INFO: HHH000126: Indexes: [economy_seats_airplanes, primary]
Oct 29, 2022 10:23:36 AM org.hibernate.tool.hbm2ddl.TableMetadata <init>
INFO: HHH000261: Table found: g2airline.first_class_seats
Oct 29, 2022 10:23:36 AM org.hibernate.tool.hbm2ddl.TableMetadata <init>
INFO: HHH000037: Columns: [airplane_id, number, id, row]
Oct 29, 2022 10:23:36 AM org.hibernate.tool.hbm2ddl.TableMetadata <init>
INFO: HHH000108: Foreign keys: [first_class_seats_airplane]
Oct 29, 2022 10:23:36 AM org.hibernate.tool.hbm2ddl.TableMetadata <init>
INFO: HHH000126: Indexes: [primary, first_class_seats_airplanes]
Oct 29, 2022 10:23:36 AM org.hibernate.tool.hbm2ddl.TableMetadata <init>
INFO: HHH000261: Table found: g2airline.flights
Oct 29, 2022 10:23:36 AM org.hibernate.tool.hbm2ddl.TableMetadata <init>
INFO: HHH000037: Columns: [airplane_id, time_of_departure, route_id, id]
Oct 29, 2022 10:23:36 AM org.hibernate.tool.hbm2ddl.TableMetadata <init>
INFO: HHH000108: Foreign keys: [flights_routes, flights_airplane]
Oct 29, 2022 10:23:36 AM org.hibernate.tool.hbm2ddl.TableMetadata <init>
INFO: HHH000126: Indexes: [flights_airplanes, flights_routes, projection_ak_1, primary]
Oct 29, 2022 10:23:36 AM org.hibernate.tool.hbm2ddl.TableMetadata <init>
INFO: HHH000261: Table found: g2airline.premium_economy_seats
Oct 29, 2022 10:23:36 AM org.hibernate.tool.hbm2ddl.TableMetadata <init>
INFO: HHH000037: Columns: [airplane_id, number, id, row]
Oct 29, 2022 10:23:36 AM org.hibernate.tool.hbm2ddl.TableMetadata <init>
INFO: HHH000108: Foreign keys: [premium_economy_seats_airplane]
Oct 29, 2022 10:23:36 AM org.hibernate.tool.hbm2ddl.TableMetadata <init>
INFO: HHH000126: Indexes: [premium_economy_seats_airplane, primary]
Oct 29, 2022 10:23:36 AM org.hibernate.tool.hbm2ddl.TableMetadata <init>
INFO: HHH000261: Table found: g2airline.reservations
Oct 29, 2022 10:23:36 AM org.hibernate.tool.hbm2ddl.TableMetadata <init>
INFO: HHH000037: Columns: [user_id, paid, active, id, flight_id]
Oct 29, 2022 10:23:36 AM org.hibernate.tool.hbm2ddl.TableMetadata <init>
INFO: HHH000108: Foreign keys: [reservations_reserving_user, reservations_projection]
Oct 29, 2022 10:23:36 AM org.hibernate.tool.hbm2ddl.TableMetadata <init>
INFO: HHH000126: Indexes: [reservations_reserving_user, reservations_projection, primary]
Oct 29, 2022 10:23:36 AM org.hibernate.tool.hbm2ddl.TableMetadata <init>
INFO: HHH000261: Table found: g2airline.reservations_info
Oct 29, 2022 10:23:36 AM org.hibernate.tool.hbm2ddl.TableMetadata <init>
INFO: HHH000037: Columns: [reservation_id, gender, name, seat_class, phone_number, id, age]
Oct 29, 2022 10:23:36 AM org.hibernate.tool.hbm2ddl.TableMetadata <init>
INFO: HHH000108: Foreign keys: [reservations_info_ibfk_1]
Oct 29, 2022 10:23:36 AM org.hibernate.tool.hbm2ddl.TableMetadata <init>
INFO: HHH000126: Indexes: [reservation_id, primary]
Oct 29, 2022 10:23:36 AM org.hibernate.tool.hbm2ddl.TableMetadata <init>
INFO: HHH000261: Table found: g2airline.routes
Oct 29, 2022 10:23:36 AM org.hibernate.tool.hbm2ddl.TableMetadata <init>
INFO: HHH000037: Columns: [departure_id, destination_id, time_of_flight, id]
Oct 29, 2022 10:23:36 AM org.hibernate.tool.hbm2ddl.TableMetadata <init>
INFO: HHH000108: Foreign keys: [routes_airports_destination, routes_airports_departure]
Oct 29, 2022 10:23:36 AM org.hibernate.tool.hbm2ddl.TableMetadata <init>
INFO: HHH000126: Indexes: [routes_airports_destination, primary, routes_airports_departure]
Oct 29, 2022 10:23:36 AM org.hibernate.tool.hbm2ddl.TableMetadata <init>
INFO: HHH000261: Table found: g2airline.users
Oct 29, 2022 10:23:36 AM org.hibernate.tool.hbm2ddl.TableMetadata <init>
INFO: HHH000037: Columns: [password, gender, date_of_birth, name, phone_number, id, title, email, username]
Oct 29, 2022 10:23:36 AM org.hibernate.tool.hbm2ddl.TableMetadata <init>
INFO: HHH000108: Foreign keys: []
Oct 29, 2022 10:23:36 AM org.hibernate.tool.hbm2ddl.TableMetadata <init>
INFO: HHH000126: Indexes: [primary]
Oct 29, 2022 10:23:36 AM org.hibernate.tool.hbm2ddl.SchemaUpdate execute
INFO: HHH000232: Schema update complete
Oct 29, 2022 10:23:36 AM org.hibernate.cfg.Configuration configure
INFO: HHH000043: Configuring from resource: hibernate.cfg.xml
Oct 29, 2022 10:23:36 AM org.hibernate.cfg.Configuration getConfigurationInputStream
INFO: HHH000040: Configuration resource: hibernate.cfg.xml
Oct 29, 2022 10:23:36 AM org.hibernate.internal.util.xml.DTDEntityResolver resolveEntity
WARN: HHH000223: Recognized obsolete hibernate namespace http://hibernate.sourceforge.net/. Use namespace http://www.hibernate.org/dtd/ instead. Refer to Hibernate 3.6 Migration Guide!
Oct 29, 2022 10:23:36 AM org.hibernate.cfg.Configuration addResource
INFO: HHH000221: Reading mappings from resource: pojo/Admins.hbm.xml
Oct 29, 2022 10:23:36 AM org.hibernate.cfg.Configuration addResource
INFO: HHH000221: Reading mappings from resource: pojo/Airplanes.hbm.xml
Oct 29, 2022 10:23:36 AM org.hibernate.cfg.Configuration addResource
INFO: HHH000221: Reading mappings from resource: pojo/ReservationsInfo.hbm.xml
Oct 29, 2022 10:23:36 AM org.hibernate.cfg.Configuration addResource
INFO: HHH000221: Reading mappings from resource: pojo/Airports.hbm.xml
Oct 29, 2022 10:23:36 AM org.hibernate.cfg.Configuration addResource
INFO: HHH000221: Reading mappings from resource: pojo/Users.hbm.xml
Oct 29, 2022 10:23:36 AM org.hibernate.cfg.Configuration addResource
INFO: HHH000221: Reading mappings from resource: pojo/BusinessSeats.hbm.xml
Oct 29, 2022 10:23:36 AM org.hibernate.cfg.Configuration addResource
INFO: HHH000221: Reading mappings from resource: pojo/EconomySeats.hbm.xml
Oct 29, 2022 10:23:36 AM org.hibernate.cfg.Configuration addResource
INFO: HHH000221: Reading mappings from resource: pojo/FirstClassSeats.hbm.xml
Oct 29, 2022 10:23:36 AM org.hibernate.cfg.Configuration addResource
INFO: HHH000221: Reading mappings from resource: pojo/Routes.hbm.xml
Oct 29, 2022 10:23:36 AM org.hibernate.cfg.Configuration addResource
INFO: HHH000221: Reading mappings from resource: pojo/Flights.hbm.xml
Oct 29, 2022 10:23:36 AM org.hibernate.cfg.Configuration addResource
INFO: HHH000221: Reading mappings from resource: pojo/PremiumEconomySeats.hbm.xml
Oct 29, 2022 10:23:36 AM org.hibernate.cfg.Configuration addResource
INFO: HHH000221: Reading mappings from resource: pojo/Airlines.hbm.xml
Oct 29, 2022 10:23:36 AM org.hibernate.cfg.Configuration addResource
INFO: HHH000221: Reading mappings from resource: pojo/Reservations.hbm.xml
Oct 29, 2022 10:23:36 AM org.hibernate.cfg.Configuration doConfigure
INFO: HHH000041: Configured SessionFactory: null
Oct 29, 2022 10:23:36 AM org.hibernate.engine.jdbc.connections.internal.DriverManagerConnectionProviderImpl configure
WARN: HHH000402: Using Hibernate built-in connection pool (not for production use!)
Oct 29, 2022 10:23:36 AM org.hibernate.engine.jdbc.connections.internal.DriverManagerConnectionProviderImpl buildCreator
INFO: HHH000401: using driver [com.mysql.jdbc.Driver] at URL [jdbc:mysql://localhost:3306/g2airline?zeroDateTimeBehavior=convertToNull]
Oct 29, 2022 10:23:36 AM org.hibernate.engine.jdbc.connections.internal.DriverManagerConnectionProviderImpl buildCreator
INFO: HHH000046: Connection properties: {user=root}
Oct 29, 2022 10:23:36 AM org.hibernate.engine.jdbc.connections.internal.DriverManagerConnectionProviderImpl buildCreator
INFO: HHH000006: Autocommit mode: false
Oct 29, 2022 10:23:36 AM org.hibernate.engine.jdbc.connections.internal.DriverManagerConnectionProviderImpl configure
INFO: HHH000115: Hibernate connection pool size: 20 (min=1)
Oct 29, 2022 10:23:36 AM org.hibernate.dialect.Dialect <init>
INFO: HHH000400: Using dialect: org.hibernate.dialect.MySQLDialect
Oct 29, 2022 10:23:37 AM org.hibernate.engine.transaction.internal.TransactionFactoryInitiator initiateService
INFO: HHH000399: Using default transaction strategy (direct JDBC transactions)
Oct 29, 2022 10:23:37 AM org.hibernate.hql.internal.ast.ASTQueryTranslatorFactory <init>
INFO: HHH000397: Using ASTQueryTranslatorFactory
Oct 29, 2022 10:23:37 AM org.hibernate.tool.hbm2ddl.SchemaUpdate execute
INFO: HHH000228: Running hbm2ddl schema update
Oct 29, 2022 10:23:37 AM org.hibernate.tool.hbm2ddl.SchemaUpdate execute
INFO: HHH000102: Fetching database metadata
Oct 29, 2022 10:23:37 AM org.hibernate.tool.hbm2ddl.SchemaUpdate execute
INFO: HHH000396: Updating schema
Oct 29, 2022 10:23:37 AM org.hibernate.tool.hbm2ddl.TableMetadata <init>
INFO: HHH000261: Table found: g2airline.admins
Oct 29, 2022 10:23:37 AM org.hibernate.tool.hbm2ddl.TableMetadata <init>
INFO: HHH000037: Columns: [password, delete_priv, update_priv, select_priv, name, id, insert_priv, username]
Oct 29, 2022 10:23:37 AM org.hibernate.tool.hbm2ddl.TableMetadata <init>
INFO: HHH000108: Foreign keys: []
Oct 29, 2022 10:23:37 AM org.hibernate.tool.hbm2ddl.TableMetadata <init>
INFO: HHH000126: Indexes: [primary]
Oct 29, 2022 10:23:37 AM org.hibernate.tool.hbm2ddl.TableMetadata <init>
INFO: HHH000261: Table found: g2airline.airlines
Oct 29, 2022 10:23:37 AM org.hibernate.tool.hbm2ddl.TableMetadata <init>
INFO: HHH000037: Columns: [code, name, id]
Oct 29, 2022 10:23:37 AM org.hibernate.tool.hbm2ddl.TableMetadata <init>
INFO: HHH000108: Foreign keys: []
Oct 29, 2022 10:23:37 AM org.hibernate.tool.hbm2ddl.TableMetadata <init>
INFO: HHH000126: Indexes: [primary]
Oct 29, 2022 10:23:37 AM org.hibernate.tool.hbm2ddl.TableMetadata <init>
INFO: HHH000261: Table found: g2airline.airplanes
Oct 29, 2022 10:23:37 AM org.hibernate.tool.hbm2ddl.TableMetadata <init>
INFO: HHH000037: Columns: [economy_seats, business_seats, airline_id, id, premium_economy_seats, first_class_seats, type, total_seats]
Oct 29, 2022 10:23:37 AM org.hibernate.tool.hbm2ddl.TableMetadata <init>
INFO: HHH000108: Foreign keys: [airplanes_airlines]
Oct 29, 2022 10:23:37 AM org.hibernate.tool.hbm2ddl.TableMetadata <init>
INFO: HHH000126: Indexes: [airplanes_airlines, primary]
Oct 29, 2022 10:23:37 AM org.hibernate.tool.hbm2ddl.TableMetadata <init>
INFO: HHH000261: Table found: g2airline.airports
Oct 29, 2022 10:23:37 AM org.hibernate.tool.hbm2ddl.TableMetadata <init>
INFO: HHH000037: Columns: [code, province, city, name, id]
Oct 29, 2022 10:23:37 AM org.hibernate.tool.hbm2ddl.TableMetadata <init>
INFO: HHH000108: Foreign keys: []
Oct 29, 2022 10:23:37 AM org.hibernate.tool.hbm2ddl.TableMetadata <init>
INFO: HHH000126: Indexes: [primary]
Oct 29, 2022 10:23:37 AM org.hibernate.tool.hbm2ddl.TableMetadata <init>
INFO: HHH000261: Table found: g2airline.business_seats
Oct 29, 2022 10:23:37 AM org.hibernate.tool.hbm2ddl.TableMetadata <init>
INFO: HHH000037: Columns: [airplane_id, number, id, row]
Oct 29, 2022 10:23:37 AM org.hibernate.tool.hbm2ddl.TableMetadata <init>
INFO: HHH000108: Foreign keys: [business_seats_airplane]
Oct 29, 2022 10:23:37 AM org.hibernate.tool.hbm2ddl.TableMetadata <init>
INFO: HHH000126: Indexes: [business_seats_airplanes, primary]
Oct 29, 2022 10:23:37 AM org.hibernate.tool.hbm2ddl.TableMetadata <init>
INFO: HHH000261: Table found: g2airline.economy_seats
Oct 29, 2022 10:23:37 AM org.hibernate.tool.hbm2ddl.TableMetadata <init>
INFO: HHH000037: Columns: [airplane_id, number, id, row]
Oct 29, 2022 10:23:37 AM org.hibernate.tool.hbm2ddl.TableMetadata <init>
INFO: HHH000108: Foreign keys: [economy_seats_airplanes]
Oct 29, 2022 10:23:37 AM org.hibernate.tool.hbm2ddl.TableMetadata <init>
INFO: HHH000126: Indexes: [economy_seats_airplanes, primary]
Oct 29, 2022 10:23:37 AM org.hibernate.tool.hbm2ddl.TableMetadata <init>
INFO: HHH000261: Table found: g2airline.first_class_seats
Oct 29, 2022 10:23:37 AM org.hibernate.tool.hbm2ddl.TableMetadata <init>
INFO: HHH000037: Columns: [airplane_id, number, id, row]
Oct 29, 2022 10:23:37 AM org.hibernate.tool.hbm2ddl.TableMetadata <init>
INFO: HHH000108: Foreign keys: [first_class_seats_airplane]
Oct 29, 2022 10:23:37 AM org.hibernate.tool.hbm2ddl.TableMetadata <init>
INFO: HHH000126: Indexes: [primary, first_class_seats_airplanes]
Oct 29, 2022 10:23:37 AM org.hibernate.tool.hbm2ddl.TableMetadata <init>
INFO: HHH000261: Table found: g2airline.flights
Oct 29, 2022 10:23:37 AM org.hibernate.tool.hbm2ddl.TableMetadata <init>
INFO: HHH000037: Columns: [airplane_id, time_of_departure, route_id, id]
Oct 29, 2022 10:23:37 AM org.hibernate.tool.hbm2ddl.TableMetadata <init>
INFO: HHH000108: Foreign keys: [flights_routes, flights_airplane]
Oct 29, 2022 10:23:37 AM org.hibernate.tool.hbm2ddl.TableMetadata <init>
INFO: HHH000126: Indexes: [flights_airplanes, flights_routes, projection_ak_1, primary]
Oct 29, 2022 10:23:37 AM org.hibernate.tool.hbm2ddl.TableMetadata <init>
INFO: HHH000261: Table found: g2airline.premium_economy_seats
Oct 29, 2022 10:23:37 AM org.hibernate.tool.hbm2ddl.TableMetadata <init>
INFO: HHH000037: Columns: [airplane_id, number, id, row]
Oct 29, 2022 10:23:37 AM org.hibernate.tool.hbm2ddl.TableMetadata <init>
INFO: HHH000108: Foreign keys: [premium_economy_seats_airplane]
Oct 29, 2022 10:23:37 AM org.hibernate.tool.hbm2ddl.TableMetadata <init>
INFO: HHH000126: Indexes: [premium_economy_seats_airplane, primary]
Oct 29, 2022 10:23:37 AM org.hibernate.tool.hbm2ddl.TableMetadata <init>
INFO: HHH000261: Table found: g2airline.reservations
Oct 29, 2022 10:23:37 AM org.hibernate.tool.hbm2ddl.TableMetadata <init>
INFO: HHH000037: Columns: [user_id, paid, active, id, flight_id]
Oct 29, 2022 10:23:37 AM org.hibernate.tool.hbm2ddl.TableMetadata <init>
INFO: HHH000108: Foreign keys: [reservations_reserving_user, reservations_projection]
Oct 29, 2022 10:23:37 AM org.hibernate.tool.hbm2ddl.TableMetadata <init>
INFO: HHH000126: Indexes: [reservations_reserving_user, reservations_projection, primary]
Oct 29, 2022 10:23:37 AM org.hibernate.tool.hbm2ddl.TableMetadata <init>
INFO: HHH000261: Table found: g2airline.reservations_info
Oct 29, 2022 10:23:37 AM org.hibernate.tool.hbm2ddl.TableMetadata <init>
INFO: HHH000037: Columns: [reservation_id, gender, name, seat_class, phone_number, id, age]
Oct 29, 2022 10:23:37 AM org.hibernate.tool.hbm2ddl.TableMetadata <init>
INFO: HHH000108: Foreign keys: [reservations_info_ibfk_1]
Oct 29, 2022 10:23:37 AM org.hibernate.tool.hbm2ddl.TableMetadata <init>
INFO: HHH000126: Indexes: [reservation_id, primary]
Oct 29, 2022 10:23:37 AM org.hibernate.tool.hbm2ddl.TableMetadata <init>
INFO: HHH000261: Table found: g2airline.routes
Oct 29, 2022 10:23:37 AM org.hibernate.tool.hbm2ddl.TableMetadata <init>
INFO: HHH000037: Columns: [departure_id, destination_id, time_of_flight, id]
Oct 29, 2022 10:23:37 AM org.hibernate.tool.hbm2ddl.TableMetadata <init>
INFO: HHH000108: Foreign keys: [routes_airports_destination, routes_airports_departure]
Oct 29, 2022 10:23:37 AM org.hibernate.tool.hbm2ddl.TableMetadata <init>
INFO: HHH000126: Indexes: [routes_airports_destination, primary, routes_airports_departure]
Oct 29, 2022 10:23:37 AM org.hibernate.tool.hbm2ddl.TableMetadata <init>
INFO: HHH000261: Table found: g2airline.users
Oct 29, 2022 10:23:37 AM org.hibernate.tool.hbm2ddl.TableMetadata <init>
INFO: HHH000037: Columns: [password, gender, date_of_birth, name, phone_number, id, title, email, username]
Oct 29, 2022 10:23:37 AM org.hibernate.tool.hbm2ddl.TableMetadata <init>
INFO: HHH000108: Foreign keys: []
Oct 29, 2022 10:23:37 AM org.hibernate.tool.hbm2ddl.TableMetadata <init>
INFO: HHH000126: Indexes: [primary]
Oct 29, 2022 10:23:37 AM org.hibernate.tool.hbm2ddl.SchemaUpdate execute
INFO: HHH000232: Schema update complete
Oct 29, 2022 10:23:37 AM org.hibernate.cfg.Configuration configure
INFO: HHH000043: Configuring from resource: hibernate.cfg.xml
Oct 29, 2022 10:23:37 AM org.hibernate.cfg.Configuration getConfigurationInputStream
INFO: HHH000040: Configuration resource: hibernate.cfg.xml
Oct 29, 2022 10:23:37 AM org.hibernate.internal.util.xml.DTDEntityResolver resolveEntity
WARN: HHH000223: Recognized obsolete hibernate namespace http://hibernate.sourceforge.net/. Use namespace http://www.hibernate.org/dtd/ instead. Refer to Hibernate 3.6 Migration Guide!
Oct 29, 2022 10:23:37 AM org.hibernate.cfg.Configuration addResource
INFO: HHH000221: Reading mappings from resource: pojo/Admins.hbm.xml
Oct 29, 2022 10:23:37 AM org.hibernate.cfg.Configuration addResource
INFO: HHH000221: Reading mappings from resource: pojo/Airplanes.hbm.xml
Oct 29, 2022 10:23:37 AM org.hibernate.cfg.Configuration addResource
INFO: HHH000221: Reading mappings from resource: pojo/ReservationsInfo.hbm.xml
Oct 29, 2022 10:23:37 AM org.hibernate.cfg.Configuration addResource
INFO: HHH000221: Reading mappings from resource: pojo/Airports.hbm.xml
Oct 29, 2022 10:23:37 AM org.hibernate.cfg.Configuration addResource
INFO: HHH000221: Reading mappings from resource: pojo/Users.hbm.xml
Oct 29, 2022 10:23:37 AM org.hibernate.cfg.Configuration addResource
INFO: HHH000221: Reading mappings from resource: pojo/BusinessSeats.hbm.xml
Oct 29, 2022 10:23:37 AM org.hibernate.cfg.Configuration addResource
INFO: HHH000221: Reading mappings from resource: pojo/EconomySeats.hbm.xml
Oct 29, 2022 10:23:37 AM org.hibernate.cfg.Configuration addResource
INFO: HHH000221: Reading mappings from resource: pojo/FirstClassSeats.hbm.xml
Oct 29, 2022 10:23:37 AM org.hibernate.cfg.Configuration addResource
INFO: HHH000221: Reading mappings from resource: pojo/Routes.hbm.xml
Oct 29, 2022 10:23:37 AM org.hibernate.cfg.Configuration addResource
INFO: HHH000221: Reading mappings from resource: pojo/Flights.hbm.xml
Oct 29, 2022 10:23:37 AM org.hibernate.cfg.Configuration addResource
INFO: HHH000221: Reading mappings from resource: pojo/PremiumEconomySeats.hbm.xml
Oct 29, 2022 10:23:37 AM org.hibernate.cfg.Configuration addResource
INFO: HHH000221: Reading mappings from resource: pojo/Airlines.hbm.xml
Oct 29, 2022 10:23:37 AM org.hibernate.cfg.Configuration addResource
INFO: HHH000221: Reading mappings from resource: pojo/Reservations.hbm.xml
Oct 29, 2022 10:23:37 AM org.hibernate.cfg.Configuration doConfigure
INFO: HHH000041: Configured SessionFactory: null
Oct 29, 2022 10:23:37 AM org.hibernate.engine.jdbc.connections.internal.DriverManagerConnectionProviderImpl configure
WARN: HHH000402: Using Hibernate built-in connection pool (not for production use!)
Oct 29, 2022 10:23:37 AM org.hibernate.engine.jdbc.connections.internal.DriverManagerConnectionProviderImpl buildCreator
INFO: HHH000401: using driver [com.mysql.jdbc.Driver] at URL [jdbc:mysql://localhost:3306/g2airline?zeroDateTimeBehavior=convertToNull]
Oct 29, 2022 10:23:37 AM org.hibernate.engine.jdbc.connections.internal.DriverManagerConnectionProviderImpl buildCreator
INFO: HHH000046: Connection properties: {user=root}
Oct 29, 2022 10:23:37 AM org.hibernate.engine.jdbc.connections.internal.DriverManagerConnectionProviderImpl buildCreator
INFO: HHH000006: Autocommit mode: false
Oct 29, 2022 10:23:37 AM org.hibernate.engine.jdbc.connections.internal.DriverManagerConnectionProviderImpl configure
INFO: HHH000115: Hibernate connection pool size: 20 (min=1)
Oct 29, 2022 10:23:37 AM org.hibernate.dialect.Dialect <init>
INFO: HHH000400: Using dialect: org.hibernate.dialect.MySQLDialect
Oct 29, 2022 10:23:37 AM org.hibernate.engine.transaction.internal.TransactionFactoryInitiator initiateService
INFO: HHH000399: Using default transaction strategy (direct JDBC transactions)
Oct 29, 2022 10:23:37 AM org.hibernate.hql.internal.ast.ASTQueryTranslatorFactory <init>
INFO: HHH000397: Using ASTQueryTranslatorFactory
Oct 29, 2022 10:23:37 AM org.hibernate.tool.hbm2ddl.SchemaUpdate execute
INFO: HHH000228: Running hbm2ddl schema update
Oct 29, 2022 10:23:37 AM org.hibernate.tool.hbm2ddl.SchemaUpdate execute
INFO: HHH000102: Fetching database metadata
Oct 29, 2022 10:23:37 AM org.hibernate.tool.hbm2ddl.SchemaUpdate execute
INFO: HHH000396: Updating schema
Oct 29, 2022 10:23:37 AM org.hibernate.tool.hbm2ddl.TableMetadata <init>
INFO: HHH000261: Table found: g2airline.admins
Oct 29, 2022 10:23:37 AM org.hibernate.tool.hbm2ddl.TableMetadata <init>
INFO: HHH000037: Columns: [password, delete_priv, update_priv, select_priv, name, id, insert_priv, username]
Oct 29, 2022 10:23:37 AM org.hibernate.tool.hbm2ddl.TableMetadata <init>
INFO: HHH000108: Foreign keys: []
Oct 29, 2022 10:23:37 AM org.hibernate.tool.hbm2ddl.TableMetadata <init>
INFO: HHH000126: Indexes: [primary]
Oct 29, 2022 10:23:37 AM org.hibernate.tool.hbm2ddl.TableMetadata <init>
INFO: HHH000261: Table found: g2airline.airlines
Oct 29, 2022 10:23:37 AM org.hibernate.tool.hbm2ddl.TableMetadata <init>
INFO: HHH000037: Columns: [code, name, id]
Oct 29, 2022 10:23:37 AM org.hibernate.tool.hbm2ddl.TableMetadata <init>
INFO: HHH000108: Foreign keys: []
Oct 29, 2022 10:23:37 AM org.hibernate.tool.hbm2ddl.TableMetadata <init>
INFO: HHH000126: Indexes: [primary]
Oct 29, 2022 10:23:37 AM org.hibernate.tool.hbm2ddl.TableMetadata <init>
INFO: HHH000261: Table found: g2airline.airplanes
Oct 29, 2022 10:23:37 AM org.hibernate.tool.hbm2ddl.TableMetadata <init>
INFO: HHH000037: Columns: [economy_seats, business_seats, airline_id, id, premium_economy_seats, first_class_seats, type, total_seats]
Oct 29, 2022 10:23:37 AM org.hibernate.tool.hbm2ddl.TableMetadata <init>
INFO: HHH000108: Foreign keys: [airplanes_airlines]
Oct 29, 2022 10:23:37 AM org.hibernate.tool.hbm2ddl.TableMetadata <init>
INFO: HHH000126: Indexes: [airplanes_airlines, primary]
Oct 29, 2022 10:23:37 AM org.hibernate.tool.hbm2ddl.TableMetadata <init>
INFO: HHH000261: Table found: g2airline.airports
Oct 29, 2022 10:23:37 AM org.hibernate.tool.hbm2ddl.TableMetadata <init>
INFO: HHH000037: Columns: [code, province, city, name, id]
Oct 29, 2022 10:23:37 AM org.hibernate.tool.hbm2ddl.TableMetadata <init>
INFO: HHH000108: Foreign keys: []
Oct 29, 2022 10:23:37 AM org.hibernate.tool.hbm2ddl.TableMetadata <init>
INFO: HHH000126: Indexes: [primary]
Oct 29, 2022 10:23:37 AM org.hibernate.tool.hbm2ddl.TableMetadata <init>
INFO: HHH000261: Table found: g2airline.business_seats
Oct 29, 2022 10:23:37 AM org.hibernate.tool.hbm2ddl.TableMetadata <init>
INFO: HHH000037: Columns: [airplane_id, number, id, row]
Oct 29, 2022 10:23:37 AM org.hibernate.tool.hbm2ddl.TableMetadata <init>
INFO: HHH000108: Foreign keys: [business_seats_airplane]
Oct 29, 2022 10:23:37 AM org.hibernate.tool.hbm2ddl.TableMetadata <init>
INFO: HHH000126: Indexes: [business_seats_airplanes, primary]
Oct 29, 2022 10:23:37 AM org.hibernate.tool.hbm2ddl.TableMetadata <init>
INFO: HHH000261: Table found: g2airline.economy_seats
Oct 29, 2022 10:23:37 AM org.hibernate.tool.hbm2ddl.TableMetadata <init>
INFO: HHH000037: Columns: [airplane_id, number, id, row]
Oct 29, 2022 10:23:37 AM org.hibernate.tool.hbm2ddl.TableMetadata <init>
INFO: HHH000108: Foreign keys: [economy_seats_airplanes]
Oct 29, 2022 10:23:37 AM org.hibernate.tool.hbm2ddl.TableMetadata <init>
INFO: HHH000126: Indexes: [economy_seats_airplanes, primary]
Oct 29, 2022 10:23:37 AM org.hibernate.tool.hbm2ddl.TableMetadata <init>
INFO: HHH000261: Table found: g2airline.first_class_seats
Oct 29, 2022 10:23:37 AM org.hibernate.tool.hbm2ddl.TableMetadata <init>
INFO: HHH000037: Columns: [airplane_id, number, id, row]
Oct 29, 2022 10:23:37 AM org.hibernate.tool.hbm2ddl.TableMetadata <init>
INFO: HHH000108: Foreign keys: [first_class_seats_airplane]
Oct 29, 2022 10:23:37 AM org.hibernate.tool.hbm2ddl.TableMetadata <init>
INFO: HHH000126: Indexes: [primary, first_class_seats_airplanes]
Oct 29, 2022 10:23:37 AM org.hibernate.tool.hbm2ddl.TableMetadata <init>
INFO: HHH000261: Table found: g2airline.flights
Oct 29, 2022 10:23:37 AM org.hibernate.tool.hbm2ddl.TableMetadata <init>
INFO: HHH000037: Columns: [airplane_id, time_of_departure, route_id, id]
Oct 29, 2022 10:23:37 AM org.hibernate.tool.hbm2ddl.TableMetadata <init>
INFO: HHH000108: Foreign keys: [flights_routes, flights_airplane]
Oct 29, 2022 10:23:37 AM org.hibernate.tool.hbm2ddl.TableMetadata <init>
INFO: HHH000126: Indexes: [flights_airplanes, flights_routes, projection_ak_1, primary]
Oct 29, 2022 10:23:37 AM org.hibernate.tool.hbm2ddl.TableMetadata <init>
INFO: HHH000261: Table found: g2airline.premium_economy_seats
Oct 29, 2022 10:23:37 AM org.hibernate.tool.hbm2ddl.TableMetadata <init>
INFO: HHH000037: Columns: [airplane_id, number, id, row]
Oct 29, 2022 10:23:37 AM org.hibernate.tool.hbm2ddl.TableMetadata <init>
INFO: HHH000108: Foreign keys: [premium_economy_seats_airplane]
Oct 29, 2022 10:23:37 AM org.hibernate.tool.hbm2ddl.TableMetadata <init>
INFO: HHH000126: Indexes: [premium_economy_seats_airplane, primary]
Oct 29, 2022 10:23:37 AM org.hibernate.tool.hbm2ddl.TableMetadata <init>
INFO: HHH000261: Table found: g2airline.reservations
Oct 29, 2022 10:23:37 AM org.hibernate.tool.hbm2ddl.TableMetadata <init>
INFO: HHH000037: Columns: [user_id, paid, active, id, flight_id]
Oct 29, 2022 10:23:37 AM org.hibernate.tool.hbm2ddl.TableMetadata <init>
INFO: HHH000108: Foreign keys: [reservations_reserving_user, reservations_projection]
Oct 29, 2022 10:23:37 AM org.hibernate.tool.hbm2ddl.TableMetadata <init>
INFO: HHH000126: Indexes: [reservations_reserving_user, reservations_projection, primary]
Oct 29, 2022 10:23:37 AM org.hibernate.tool.hbm2ddl.TableMetadata <init>
INFO: HHH000261: Table found: g2airline.reservations_info
Oct 29, 2022 10:23:37 AM org.hibernate.tool.hbm2ddl.TableMetadata <init>
INFO: HHH000037: Columns: [reservation_id, gender, name, seat_class, phone_number, id, age]
Oct 29, 2022 10:23:37 AM org.hibernate.tool.hbm2ddl.TableMetadata <init>
INFO: HHH000108: Foreign keys: [reservations_info_ibfk_1]
Oct 29, 2022 10:23:37 AM org.hibernate.tool.hbm2ddl.TableMetadata <init>
INFO: HHH000126: Indexes: [reservation_id, primary]
Oct 29, 2022 10:23:37 AM org.hibernate.tool.hbm2ddl.TableMetadata <init>
INFO: HHH000261: Table found: g2airline.routes
Oct 29, 2022 10:23:37 AM org.hibernate.tool.hbm2ddl.TableMetadata <init>
INFO: HHH000037: Columns: [departure_id, destination_id, time_of_flight, id]
Oct 29, 2022 10:23:37 AM org.hibernate.tool.hbm2ddl.TableMetadata <init>
INFO: HHH000108: Foreign keys: [routes_airports_destination, routes_airports_departure]
Oct 29, 2022 10:23:37 AM org.hibernate.tool.hbm2ddl.TableMetadata <init>
INFO: HHH000126: Indexes: [routes_airports_destination, primary, routes_airports_departure]
Oct 29, 2022 10:23:38 AM org.hibernate.tool.hbm2ddl.TableMetadata <init>
INFO: HHH000261: Table found: g2airline.users
Oct 29, 2022 10:23:38 AM org.hibernate.tool.hbm2ddl.TableMetadata <init>
INFO: HHH000037: Columns: [password, gender, date_of_birth, name, phone_number, id, title, email, username]
Oct 29, 2022 10:23:38 AM org.hibernate.tool.hbm2ddl.TableMetadata <init>
INFO: HHH000108: Foreign keys: []
Oct 29, 2022 10:23:38 AM org.hibernate.tool.hbm2ddl.TableMetadata <init>
INFO: HHH000126: Indexes: [primary]
Oct 29, 2022 10:23:38 AM org.hibernate.tool.hbm2ddl.SchemaUpdate execute
INFO: HHH000232: Schema update complete
Oct 29, 2022 10:23:38 AM org.hibernate.cfg.Configuration configure
INFO: HHH000043: Configuring from resource: hibernate.cfg.xml
Oct 29, 2022 10:23:38 AM org.hibernate.cfg.Configuration getConfigurationInputStream
INFO: HHH000040: Configuration resource: hibernate.cfg.xml
Oct 29, 2022 10:23:38 AM org.hibernate.internal.util.xml.DTDEntityResolver resolveEntity
WARN: HHH000223: Recognized obsolete hibernate namespace http://hibernate.sourceforge.net/. Use namespace http://www.hibernate.org/dtd/ instead. Refer to Hibernate 3.6 Migration Guide!
Oct 29, 2022 10:23:38 AM org.hibernate.cfg.Configuration addResource
INFO: HHH000221: Reading mappings from resource: pojo/Admins.hbm.xml
Oct 29, 2022 10:23:38 AM org.hibernate.cfg.Configuration addResource
INFO: HHH000221: Reading mappings from resource: pojo/Airplanes.hbm.xml
Oct 29, 2022 10:23:38 AM org.hibernate.cfg.Configuration addResource
INFO: HHH000221: Reading mappings from resource: pojo/ReservationsInfo.hbm.xml
Oct 29, 2022 10:23:38 AM org.hibernate.cfg.Configuration addResource
INFO: HHH000221: Reading mappings from resource: pojo/Airports.hbm.xml
Oct 29, 2022 10:23:38 AM org.hibernate.cfg.Configuration addResource
INFO: HHH000221: Reading mappings from resource: pojo/Users.hbm.xml
Oct 29, 2022 10:23:38 AM org.hibernate.cfg.Configuration addResource
INFO: HHH000221: Reading mappings from resource: pojo/BusinessSeats.hbm.xml
Oct 29, 2022 10:23:38 AM org.hibernate.cfg.Configuration addResource
INFO: HHH000221: Reading mappings from resource: pojo/EconomySeats.hbm.xml
Oct 29, 2022 10:23:38 AM org.hibernate.cfg.Configuration addResource
INFO: HHH000221: Reading mappings from resource: pojo/FirstClassSeats.hbm.xml
Oct 29, 2022 10:23:38 AM org.hibernate.cfg.Configuration addResource
INFO: HHH000221: Reading mappings from resource: pojo/Routes.hbm.xml
Oct 29, 2022 10:23:38 AM org.hibernate.cfg.Configuration addResource
INFO: HHH000221: Reading mappings from resource: pojo/Flights.hbm.xml
Oct 29, 2022 10:23:38 AM org.hibernate.cfg.Configuration addResource
INFO: HHH000221: Reading mappings from resource: pojo/PremiumEconomySeats.hbm.xml
Oct 29, 2022 10:23:38 AM org.hibernate.cfg.Configuration addResource
INFO: HHH000221: Reading mappings from resource: pojo/Airlines.hbm.xml
Oct 29, 2022 10:23:38 AM org.hibernate.cfg.Configuration addResource
INFO: HHH000221: Reading mappings from resource: pojo/Reservations.hbm.xml
Oct 29, 2022 10:23:38 AM org.hibernate.cfg.Configuration doConfigure
INFO: HHH000041: Configured SessionFactory: null
Oct 29, 2022 10:23:38 AM org.hibernate.engine.jdbc.connections.internal.DriverManagerConnectionProviderImpl configure
WARN: HHH000402: Using Hibernate built-in connection pool (not for production use!)
Oct 29, 2022 10:23:38 AM org.hibernate.engine.jdbc.connections.internal.DriverManagerConnectionProviderImpl buildCreator
INFO: HHH000401: using driver [com.mysql.jdbc.Driver] at URL [jdbc:mysql://localhost:3306/g2airline?zeroDateTimeBehavior=convertToNull]
Oct 29, 2022 10:23:38 AM org.hibernate.engine.jdbc.connections.internal.DriverManagerConnectionProviderImpl buildCreator
INFO: HHH000046: Connection properties: {user=root}
Oct 29, 2022 10:23:38 AM org.hibernate.engine.jdbc.connections.internal.DriverManagerConnectionProviderImpl buildCreator
INFO: HHH000006: Autocommit mode: false
Oct 29, 2022 10:23:38 AM org.hibernate.engine.jdbc.connections.internal.DriverManagerConnectionProviderImpl configure
INFO: HHH000115: Hibernate connection pool size: 20 (min=1)
Oct 29, 2022 10:23:38 AM org.hibernate.dialect.Dialect <init>
INFO: HHH000400: Using dialect: org.hibernate.dialect.MySQLDialect
Oct 29, 2022 10:23:38 AM org.hibernate.engine.transaction.internal.TransactionFactoryInitiator initiateService
INFO: HHH000399: Using default transaction strategy (direct JDBC transactions)
Oct 29, 2022 10:23:38 AM org.hibernate.hql.internal.ast.ASTQueryTranslatorFactory <init>
INFO: HHH000397: Using ASTQueryTranslatorFactory
Oct 29, 2022 10:23:38 AM org.hibernate.tool.hbm2ddl.SchemaUpdate execute
INFO: HHH000228: Running hbm2ddl schema update
Oct 29, 2022 10:23:38 AM org.hibernate.tool.hbm2ddl.SchemaUpdate execute
INFO: HHH000102: Fetching database metadata
Oct 29, 2022 10:23:38 AM org.hibernate.tool.hbm2ddl.SchemaUpdate execute
INFO: HHH000396: Updating schema
Oct 29, 2022 10:23:38 AM org.hibernate.tool.hbm2ddl.TableMetadata <init>
INFO: HHH000261: Table found: g2airline.admins
Oct 29, 2022 10:23:38 AM org.hibernate.tool.hbm2ddl.TableMetadata <init>
INFO: HHH000037: Columns: [password, delete_priv, update_priv, select_priv, name, id, insert_priv, username]
Oct 29, 2022 10:23:38 AM org.hibernate.tool.hbm2ddl.TableMetadata <init>
INFO: HHH000108: Foreign keys: []
Oct 29, 2022 10:23:38 AM org.hibernate.tool.hbm2ddl.TableMetadata <init>
INFO: HHH000126: Indexes: [primary]
Oct 29, 2022 10:23:38 AM org.hibernate.tool.hbm2ddl.TableMetadata <init>
INFO: HHH000261: Table found: g2airline.airlines
Oct 29, 2022 10:23:38 AM org.hibernate.tool.hbm2ddl.TableMetadata <init>
INFO: HHH000037: Columns: [code, name, id]
Oct 29, 2022 10:23:38 AM org.hibernate.tool.hbm2ddl.TableMetadata <init>
INFO: HHH000108: Foreign keys: []
Oct 29, 2022 10:23:38 AM org.hibernate.tool.hbm2ddl.TableMetadata <init>
INFO: HHH000126: Indexes: [primary]
Oct 29, 2022 10:23:38 AM org.hibernate.tool.hbm2ddl.TableMetadata <init>
INFO: HHH000261: Table found: g2airline.airplanes
Oct 29, 2022 10:23:38 AM org.hibernate.tool.hbm2ddl.TableMetadata <init>
INFO: HHH000037: Columns: [economy_seats, business_seats, airline_id, id, premium_economy_seats, first_class_seats, type, total_seats]
Oct 29, 2022 10:23:38 AM org.hibernate.tool.hbm2ddl.TableMetadata <init>
INFO: HHH000108: Foreign keys: [airplanes_airlines]
Oct 29, 2022 10:23:38 AM org.hibernate.tool.hbm2ddl.TableMetadata <init>
INFO: HHH000126: Indexes: [airplanes_airlines, primary]
Oct 29, 2022 10:23:38 AM org.hibernate.tool.hbm2ddl.TableMetadata <init>
INFO: HHH000261: Table found: g2airline.airports
Oct 29, 2022 10:23:38 AM org.hibernate.tool.hbm2ddl.TableMetadata <init>
INFO: HHH000037: Columns: [code, province, city, name, id]
Oct 29, 2022 10:23:38 AM org.hibernate.tool.hbm2ddl.TableMetadata <init>
INFO: HHH000108: Foreign keys: []
Oct 29, 2022 10:23:38 AM org.hibernate.tool.hbm2ddl.TableMetadata <init>
INFO: HHH000126: Indexes: [primary]
Oct 29, 2022 10:23:38 AM org.hibernate.tool.hbm2ddl.TableMetadata <init>
INFO: HHH000261: Table found: g2airline.business_seats
Oct 29, 2022 10:23:38 AM org.hibernate.tool.hbm2ddl.TableMetadata <init>
INFO: HHH000037: Columns: [airplane_id, number, id, row]
Oct 29, 2022 10:23:38 AM org.hibernate.tool.hbm2ddl.TableMetadata <init>
INFO: HHH000108: Foreign keys: [business_seats_airplane]
Oct 29, 2022 10:23:38 AM org.hibernate.tool.hbm2ddl.TableMetadata <init>
INFO: HHH000126: Indexes: [business_seats_airplanes, primary]
Oct 29, 2022 10:23:38 AM org.hibernate.tool.hbm2ddl.TableMetadata <init>
INFO: HHH000261: Table found: g2airline.economy_seats
Oct 29, 2022 10:23:38 AM org.hibernate.tool.hbm2ddl.TableMetadata <init>
INFO: HHH000037: Columns: [airplane_id, number, id, row]
Oct 29, 2022 10:23:38 AM org.hibernate.tool.hbm2ddl.TableMetadata <init>
INFO: HHH000108: Foreign keys: [economy_seats_airplanes]
Oct 29, 2022 10:23:38 AM org.hibernate.tool.hbm2ddl.TableMetadata <init>
INFO: HHH000126: Indexes: [economy_seats_airplanes, primary]
Oct 29, 2022 10:23:38 AM org.hibernate.tool.hbm2ddl.TableMetadata <init>
INFO: HHH000261: Table found: g2airline.first_class_seats
Oct 29, 2022 10:23:38 AM org.hibernate.tool.hbm2ddl.TableMetadata <init>
INFO: HHH000037: Columns: [airplane_id, number, id, row]
Oct 29, 2022 10:23:38 AM org.hibernate.tool.hbm2ddl.TableMetadata <init>
INFO: HHH000108: Foreign keys: [first_class_seats_airplane]
Oct 29, 2022 10:23:38 AM org.hibernate.tool.hbm2ddl.TableMetadata <init>
INFO: HHH000126: Indexes: [primary, first_class_seats_airplanes]
Oct 29, 2022 10:23:38 AM org.hibernate.tool.hbm2ddl.TableMetadata <init>
INFO: HHH000261: Table found: g2airline.flights
Oct 29, 2022 10:23:38 AM org.hibernate.tool.hbm2ddl.TableMetadata <init>
INFO: HHH000037: Columns: [airplane_id, time_of_departure, route_id, id]
Oct 29, 2022 10:23:38 AM org.hibernate.tool.hbm2ddl.TableMetadata <init>
INFO: HHH000108: Foreign keys: [flights_routes, flights_airplane]
Oct 29, 2022 10:23:38 AM org.hibernate.tool.hbm2ddl.TableMetadata <init>
INFO: HHH000126: Indexes: [flights_airplanes, flights_routes, projection_ak_1, primary]
Oct 29, 2022 10:23:38 AM org.hibernate.tool.hbm2ddl.TableMetadata <init>
INFO: HHH000261: Table found: g2airline.premium_economy_seats
Oct 29, 2022 10:23:38 AM org.hibernate.tool.hbm2ddl.TableMetadata <init>
INFO: HHH000037: Columns: [airplane_id, number, id, row]
Oct 29, 2022 10:23:38 AM org.hibernate.tool.hbm2ddl.TableMetadata <init>
INFO: HHH000108: Foreign keys: [premium_economy_seats_airplane]
Oct 29, 2022 10:23:38 AM org.hibernate.tool.hbm2ddl.TableMetadata <init>
INFO: HHH000126: Indexes: [premium_economy_seats_airplane, primary]
Oct 29, 2022 10:23:38 AM org.hibernate.tool.hbm2ddl.TableMetadata <init>
INFO: HHH000261: Table found: g2airline.reservations
Oct 29, 2022 10:23:38 AM org.hibernate.tool.hbm2ddl.TableMetadata <init>
INFO: HHH000037: Columns: [user_id, paid, active, id, flight_id]
Oct 29, 2022 10:23:38 AM org.hibernate.tool.hbm2ddl.TableMetadata <init>
INFO: HHH000108: Foreign keys: [reservations_reserving_user, reservations_projection]
Oct 29, 2022 10:23:38 AM org.hibernate.tool.hbm2ddl.TableMetadata <init>
INFO: HHH000126: Indexes: [reservations_reserving_user, reservations_projection, primary]
Oct 29, 2022 10:23:38 AM org.hibernate.tool.hbm2ddl.TableMetadata <init>
INFO: HHH000261: Table found: g2airline.reservations_info
Oct 29, 2022 10:23:38 AM org.hibernate.tool.hbm2ddl.TableMetadata <init>
INFO: HHH000037: Columns: [reservation_id, gender, name, seat_class, phone_number, id, age]
Oct 29, 2022 10:23:38 AM org.hibernate.tool.hbm2ddl.TableMetadata <init>
INFO: HHH000108: Foreign keys: [reservations_info_ibfk_1]
Oct 29, 2022 10:23:38 AM org.hibernate.tool.hbm2ddl.TableMetadata <init>
INFO: HHH000126: Indexes: [reservation_id, primary]
Oct 29, 2022 10:23:38 AM org.hibernate.tool.hbm2ddl.TableMetadata <init>
INFO: HHH000261: Table found: g2airline.routes
Oct 29, 2022 10:23:38 AM org.hibernate.tool.hbm2ddl.TableMetadata <init>
INFO: HHH000037: Columns: [departure_id, destination_id, time_of_flight, id]
Oct 29, 2022 10:23:38 AM org.hibernate.tool.hbm2ddl.TableMetadata <init>
INFO: HHH000108: Foreign keys: [routes_airports_destination, routes_airports_departure]
Oct 29, 2022 10:23:38 AM org.hibernate.tool.hbm2ddl.TableMetadata <init>
INFO: HHH000126: Indexes: [routes_airports_destination, primary, routes_airports_departure]
Oct 29, 2022 10:23:38 AM org.hibernate.tool.hbm2ddl.TableMetadata <init>
INFO: HHH000261: Table found: g2airline.users
Oct 29, 2022 10:23:38 AM org.hibernate.tool.hbm2ddl.TableMetadata <init>
INFO: HHH000037: Columns: [password, gender, date_of_birth, name, phone_number, id, title, email, username]
Oct 29, 2022 10:23:38 AM org.hibernate.tool.hbm2ddl.TableMetadata <init>
INFO: HHH000108: Foreign keys: []
Oct 29, 2022 10:23:38 AM org.hibernate.tool.hbm2ddl.TableMetadata <init>
INFO: HHH000126: Indexes: [primary]
Oct 29, 2022 10:23:38 AM org.hibernate.tool.hbm2ddl.SchemaUpdate execute
INFO: HHH000232: Schema update complete
Oct 29, 2022 10:23:38 AM org.hibernate.cfg.Configuration configure
INFO: HHH000043: Configuring from resource: hibernate.cfg.xml
Oct 29, 2022 10:23:38 AM org.hibernate.cfg.Configuration getConfigurationInputStream
INFO: HHH000040: Configuration resource: hibernate.cfg.xml
Oct 29, 2022 10:23:38 AM org.hibernate.internal.util.xml.DTDEntityResolver resolveEntity
WARN: HHH000223: Recognized obsolete hibernate namespace http://hibernate.sourceforge.net/. Use namespace http://www.hibernate.org/dtd/ instead. Refer to Hibernate 3.6 Migration Guide!
Oct 29, 2022 10:23:38 AM org.hibernate.cfg.Configuration addResource
INFO: HHH000221: Reading mappings from resource: pojo/Admins.hbm.xml
Oct 29, 2022 10:23:38 AM org.hibernate.cfg.Configuration addResource
INFO: HHH000221: Reading mappings from resource: pojo/Airplanes.hbm.xml
Oct 29, 2022 10:23:38 AM org.hibernate.cfg.Configuration addResource
INFO: HHH000221: Reading mappings from resource: pojo/ReservationsInfo.hbm.xml
Oct 29, 2022 10:23:38 AM org.hibernate.cfg.Configuration addResource
INFO: HHH000221: Reading mappings from resource: pojo/Airports.hbm.xml
Oct 29, 2022 10:23:38 AM org.hibernate.cfg.Configuration addResource
INFO: HHH000221: Reading mappings from resource: pojo/Users.hbm.xml
Oct 29, 2022 10:23:38 AM org.hibernate.cfg.Configuration addResource
INFO: HHH000221: Reading mappings from resource: pojo/BusinessSeats.hbm.xml
Oct 29, 2022 10:23:38 AM org.hibernate.cfg.Configuration addResource
INFO: HHH000221: Reading mappings from resource: pojo/EconomySeats.hbm.xml
Oct 29, 2022 10:23:38 AM org.hibernate.cfg.Configuration addResource
INFO: HHH000221: Reading mappings from resource: pojo/FirstClassSeats.hbm.xml
Oct 29, 2022 10:23:38 AM org.hibernate.cfg.Configuration addResource
INFO: HHH000221: Reading mappings from resource: pojo/Routes.hbm.xml
Oct 29, 2022 10:23:38 AM org.hibernate.cfg.Configuration addResource
INFO: HHH000221: Reading mappings from resource: pojo/Flights.hbm.xml
Oct 29, 2022 10:23:38 AM org.hibernate.cfg.Configuration addResource
INFO: HHH000221: Reading mappings from resource: pojo/PremiumEconomySeats.hbm.xml
Oct 29, 2022 10:23:38 AM org.hibernate.cfg.Configuration addResource
INFO: HHH000221: Reading mappings from resource: pojo/Airlines.hbm.xml
Oct 29, 2022 10:23:38 AM org.hibernate.cfg.Configuration addResource
INFO: HHH000221: Reading mappings from resource: pojo/Reservations.hbm.xml
Oct 29, 2022 10:23:38 AM org.hibernate.cfg.Configuration doConfigure
INFO: HHH000041: Configured SessionFactory: null
Oct 29, 2022 10:23:38 AM org.hibernate.engine.jdbc.connections.internal.DriverManagerConnectionProviderImpl configure
WARN: HHH000402: Using Hibernate built-in connection pool (not for production use!)
Oct 29, 2022 10:23:38 AM org.hibernate.engine.jdbc.connections.internal.DriverManagerConnectionProviderImpl buildCreator
INFO: HHH000401: using driver [com.mysql.jdbc.Driver] at URL [jdbc:mysql://localhost:3306/g2airline?zeroDateTimeBehavior=convertToNull]
Oct 29, 2022 10:23:38 AM org.hibernate.engine.jdbc.connections.internal.DriverManagerConnectionProviderImpl buildCreator
INFO: HHH000046: Connection properties: {user=root}
Oct 29, 2022 10:23:38 AM org.hibernate.engine.jdbc.connections.internal.DriverManagerConnectionProviderImpl buildCreator
INFO: HHH000006: Autocommit mode: false
Oct 29, 2022 10:23:38 AM org.hibernate.engine.jdbc.connections.internal.DriverManagerConnectionProviderImpl configure
INFO: HHH000115: Hibernate connection pool size: 20 (min=1)
Oct 29, 2022 10:23:38 AM org.hibernate.dialect.Dialect <init>
INFO: HHH000400: Using dialect: org.hibernate.dialect.MySQLDialect
Oct 29, 2022 10:23:38 AM org.hibernate.engine.transaction.internal.TransactionFactoryInitiator initiateService
INFO: HHH000399: Using default transaction strategy (direct JDBC transactions)
Oct 29, 2022 10:23:38 AM org.hibernate.hql.internal.ast.ASTQueryTranslatorFactory <init>
INFO: HHH000397: Using ASTQueryTranslatorFactory
Oct 29, 2022 10:23:38 AM org.hibernate.tool.hbm2ddl.SchemaUpdate execute
INFO: HHH000228: Running hbm2ddl schema update
Oct 29, 2022 10:23:38 AM org.hibernate.tool.hbm2ddl.SchemaUpdate execute
INFO: HHH000102: Fetching database metadata
Oct 29, 2022 10:23:38 AM org.hibernate.tool.hbm2ddl.SchemaUpdate execute
INFO: HHH000396: Updating schema
Oct 29, 2022 10:23:38 AM org.hibernate.tool.hbm2ddl.TableMetadata <init>
INFO: HHH000261: Table found: g2airline.admins
Oct 29, 2022 10:23:38 AM org.hibernate.tool.hbm2ddl.TableMetadata <init>
INFO: HHH000037: Columns: [password, delete_priv, update_priv, select_priv, name, id, insert_priv, username]
Oct 29, 2022 10:23:38 AM org.hibernate.tool.hbm2ddl.TableMetadata <init>
INFO: HHH000108: Foreign keys: []
Oct 29, 2022 10:23:38 AM org.hibernate.tool.hbm2ddl.TableMetadata <init>
INFO: HHH000126: Indexes: [primary]
Oct 29, 2022 10:23:38 AM org.hibernate.tool.hbm2ddl.TableMetadata <init>
INFO: HHH000261: Table found: g2airline.airlines
Oct 29, 2022 10:23:38 AM org.hibernate.tool.hbm2ddl.TableMetadata <init>
INFO: HHH000037: Columns: [code, name, id]
Oct 29, 2022 10:23:38 AM org.hibernate.tool.hbm2ddl.TableMetadata <init>
INFO: HHH000108: Foreign keys: []
Oct 29, 2022 10:23:38 AM org.hibernate.tool.hbm2ddl.TableMetadata <init>
INFO: HHH000126: Indexes: [primary]
Oct 29, 2022 10:23:38 AM org.hibernate.tool.hbm2ddl.TableMetadata <init>
INFO: HHH000261: Table found: g2airline.airplanes
Oct 29, 2022 10:23:38 AM org.hibernate.tool.hbm2ddl.TableMetadata <init>
INFO: HHH000037: Columns: [economy_seats, business_seats, airline_id, id, premium_economy_seats, first_class_seats, type, total_seats]
Oct 29, 2022 10:23:38 AM org.hibernate.tool.hbm2ddl.TableMetadata <init>
INFO: HHH000108: Foreign keys: [airplanes_airlines]
Oct 29, 2022 10:23:38 AM org.hibernate.tool.hbm2ddl.TableMetadata <init>
INFO: HHH000126: Indexes: [airplanes_airlines, primary]
Oct 29, 2022 10:23:38 AM org.hibernate.tool.hbm2ddl.TableMetadata <init>
INFO: HHH000261: Table found: g2airline.airports
Oct 29, 2022 10:23:38 AM org.hibernate.tool.hbm2ddl.TableMetadata <init>
INFO: HHH000037: Columns: [code, province, city, name, id]
Oct 29, 2022 10:23:38 AM org.hibernate.tool.hbm2ddl.TableMetadata <init>
INFO: HHH000108: Foreign keys: []
Oct 29, 2022 10:23:38 AM org.hibernate.tool.hbm2ddl.TableMetadata <init>
INFO: HHH000126: Indexes: [primary]
Oct 29, 2022 10:23:38 AM org.hibernate.tool.hbm2ddl.TableMetadata <init>
INFO: HHH000261: Table found: g2airline.business_seats
Oct 29, 2022 10:23:38 AM org.hibernate.tool.hbm2ddl.TableMetadata <init>
INFO: HHH000037: Columns: [airplane_id, number, id, row]
Oct 29, 2022 10:23:38 AM org.hibernate.tool.hbm2ddl.TableMetadata <init>
INFO: HHH000108: Foreign keys: [business_seats_airplane]
Oct 29, 2022 10:23:38 AM org.hibernate.tool.hbm2ddl.TableMetadata <init>
INFO: HHH000126: Indexes: [business_seats_airplanes, primary]
Oct 29, 2022 10:23:38 AM org.hibernate.tool.hbm2ddl.TableMetadata <init>
INFO: HHH000261: Table found: g2airline.economy_seats
Oct 29, 2022 10:23:38 AM org.hibernate.tool.hbm2ddl.TableMetadata <init>
INFO: HHH000037: Columns: [airplane_id, number, id, row]
Oct 29, 2022 10:23:38 AM org.hibernate.tool.hbm2ddl.TableMetadata <init>
INFO: HHH000108: Foreign keys: [economy_seats_airplanes]
Oct 29, 2022 10:23:38 AM org.hibernate.tool.hbm2ddl.TableMetadata <init>
INFO: HHH000126: Indexes: [economy_seats_airplanes, primary]
Oct 29, 2022 10:23:38 AM org.hibernate.tool.hbm2ddl.TableMetadata <init>
INFO: HHH000261: Table found: g2airline.first_class_seats
Oct 29, 2022 10:23:38 AM org.hibernate.tool.hbm2ddl.TableMetadata <init>
INFO: HHH000037: Columns: [airplane_id, number, id, row]
Oct 29, 2022 10:23:38 AM org.hibernate.tool.hbm2ddl.TableMetadata <init>
INFO: HHH000108: Foreign keys: [first_class_seats_airplane]
Oct 29, 2022 10:23:38 AM org.hibernate.tool.hbm2ddl.TableMetadata <init>
INFO: HHH000126: Indexes: [primary, first_class_seats_airplanes]
Oct 29, 2022 10:23:38 AM org.hibernate.tool.hbm2ddl.TableMetadata <init>
INFO: HHH000261: Table found: g2airline.flights
Oct 29, 2022 10:23:38 AM org.hibernate.tool.hbm2ddl.TableMetadata <init>
INFO: HHH000037: Columns: [airplane_id, time_of_departure, route_id, id]
Oct 29, 2022 10:23:38 AM org.hibernate.tool.hbm2ddl.TableMetadata <init>
INFO: HHH000108: Foreign keys: [flights_routes, flights_airplane]
Oct 29, 2022 10:23:38 AM org.hibernate.tool.hbm2ddl.TableMetadata <init>
INFO: HHH000126: Indexes: [flights_airplanes, flights_routes, projection_ak_1, primary]
Oct 29, 2022 10:23:38 AM org.hibernate.tool.hbm2ddl.TableMetadata <init>
INFO: HHH000261: Table found: g2airline.premium_economy_seats
Oct 29, 2022 10:23:38 AM org.hibernate.tool.hbm2ddl.TableMetadata <init>
INFO: HHH000037: Columns: [airplane_id, number, id, row]
Oct 29, 2022 10:23:38 AM org.hibernate.tool.hbm2ddl.TableMetadata <init>
INFO: HHH000108: Foreign keys: [premium_economy_seats_airplane]
Oct 29, 2022 10:23:38 AM org.hibernate.tool.hbm2ddl.TableMetadata <init>
INFO: HHH000126: Indexes: [premium_economy_seats_airplane, primary]
Oct 29, 2022 10:23:38 AM org.hibernate.tool.hbm2ddl.TableMetadata <init>
INFO: HHH000261: Table found: g2airline.reservations
Oct 29, 2022 10:23:38 AM org.hibernate.tool.hbm2ddl.TableMetadata <init>
INFO: HHH000037: Columns: [user_id, paid, active, id, flight_id]
Oct 29, 2022 10:23:38 AM org.hibernate.tool.hbm2ddl.TableMetadata <init>
INFO: HHH000108: Foreign keys: [reservations_reserving_user, reservations_projection]
Oct 29, 2022 10:23:38 AM org.hibernate.tool.hbm2ddl.TableMetadata <init>
INFO: HHH000126: Indexes: [reservations_reserving_user, reservations_projection, primary]
Oct 29, 2022 10:23:38 AM org.hibernate.tool.hbm2ddl.TableMetadata <init>
INFO: HHH000261: Table found: g2airline.reservations_info
Oct 29, 2022 10:23:38 AM org.hibernate.tool.hbm2ddl.TableMetadata <init>
INFO: HHH000037: Columns: [reservation_id, gender, name, seat_class, phone_number, id, age]
Oct 29, 2022 10:23:38 AM org.hibernate.tool.hbm2ddl.TableMetadata <init>
INFO: HHH000108: Foreign keys: [reservations_info_ibfk_1]
Oct 29, 2022 10:23:38 AM org.hibernate.tool.hbm2ddl.TableMetadata <init>
INFO: HHH000126: Indexes: [reservation_id, primary]
Oct 29, 2022 10:23:39 AM org.hibernate.tool.hbm2ddl.TableMetadata <init>
INFO: HHH000261: Table found: g2airline.routes
Oct 29, 2022 10:23:39 AM org.hibernate.tool.hbm2ddl.TableMetadata <init>
INFO: HHH000037: Columns: [departure_id, destination_id, time_of_flight, id]
Oct 29, 2022 10:23:39 AM org.hibernate.tool.hbm2ddl.TableMetadata <init>
INFO: HHH000108: Foreign keys: [routes_airports_destination, routes_airports_departure]
Oct 29, 2022 10:23:39 AM org.hibernate.tool.hbm2ddl.TableMetadata <init>
INFO: HHH000126: Indexes: [routes_airports_destination, primary, routes_airports_departure]
Oct 29, 2022 10:23:39 AM org.hibernate.tool.hbm2ddl.TableMetadata <init>
INFO: HHH000261: Table found: g2airline.users
Oct 29, 2022 10:23:39 AM org.hibernate.tool.hbm2ddl.TableMetadata <init>
INFO: HHH000037: Columns: [password, gender, date_of_birth, name, phone_number, id, title, email, username]
Oct 29, 2022 10:23:39 AM org.hibernate.tool.hbm2ddl.TableMetadata <init>
INFO: HHH000108: Foreign keys: []
Oct 29, 2022 10:23:39 AM org.hibernate.tool.hbm2ddl.TableMetadata <init>
INFO: HHH000126: Indexes: [primary]
Oct 29, 2022 10:23:39 AM org.hibernate.tool.hbm2ddl.SchemaUpdate execute
INFO: HHH000232: Schema update complete
Oct 29, 2022 10:23:39 AM org.hibernate.cfg.Configuration configure
INFO: HHH000043: Configuring from resource: hibernate.cfg.xml
Oct 29, 2022 10:23:39 AM org.hibernate.cfg.Configuration getConfigurationInputStream
INFO: HHH000040: Configuration resource: hibernate.cfg.xml
Oct 29, 2022 10:23:39 AM org.hibernate.internal.util.xml.DTDEntityResolver resolveEntity
WARN: HHH000223: Recognized obsolete hibernate namespace http://hibernate.sourceforge.net/. Use namespace http://www.hibernate.org/dtd/ instead. Refer to Hibernate 3.6 Migration Guide!
Oct 29, 2022 10:23:39 AM org.hibernate.cfg.Configuration addResource
INFO: HHH000221: Reading mappings from resource: pojo/Admins.hbm.xml
Oct 29, 2022 10:23:39 AM org.hibernate.cfg.Configuration addResource
INFO: HHH000221: Reading mappings from resource: pojo/Airplanes.hbm.xml
Oct 29, 2022 10:23:39 AM org.hibernate.cfg.Configuration addResource
INFO: HHH000221: Reading mappings from resource: pojo/ReservationsInfo.hbm.xml
Oct 29, 2022 10:23:39 AM org.hibernate.cfg.Configuration addResource
INFO: HHH000221: Reading mappings from resource: pojo/Airports.hbm.xml
Oct 29, 2022 10:23:39 AM org.hibernate.cfg.Configuration addResource
INFO: HHH000221: Reading mappings from resource: pojo/Users.hbm.xml
Oct 29, 2022 10:23:39 AM org.hibernate.cfg.Configuration addResource
INFO: HHH000221: Reading mappings from resource: pojo/BusinessSeats.hbm.xml
Oct 29, 2022 10:23:39 AM org.hibernate.cfg.Configuration addResource
INFO: HHH000221: Reading mappings from resource: pojo/EconomySeats.hbm.xml
Oct 29, 2022 10:23:39 AM org.hibernate.cfg.Configuration addResource
INFO: HHH000221: Reading mappings from resource: pojo/FirstClassSeats.hbm.xml
Oct 29, 2022 10:23:39 AM org.hibernate.cfg.Configuration addResource
INFO: HHH000221: Reading mappings from resource: pojo/Routes.hbm.xml
Oct 29, 2022 10:23:39 AM org.hibernate.cfg.Configuration addResource
INFO: HHH000221: Reading mappings from resource: pojo/Flights.hbm.xml
Oct 29, 2022 10:23:39 AM org.hibernate.cfg.Configuration addResource
INFO: HHH000221: Reading mappings from resource: pojo/PremiumEconomySeats.hbm.xml
Oct 29, 2022 10:23:39 AM org.hibernate.cfg.Configuration addResource
INFO: HHH000221: Reading mappings from resource: pojo/Airlines.hbm.xml
Oct 29, 2022 10:23:39 AM org.hibernate.cfg.Configuration addResource
INFO: HHH000221: Reading mappings from resource: pojo/Reservations.hbm.xml
Oct 29, 2022 10:23:39 AM org.hibernate.cfg.Configuration doConfigure
INFO: HHH000041: Configured SessionFactory: null
Oct 29, 2022 10:23:39 AM org.hibernate.engine.jdbc.connections.internal.DriverManagerConnectionProviderImpl configure
WARN: HHH000402: Using Hibernate built-in connection pool (not for production use!)
Oct 29, 2022 10:23:39 AM org.hibernate.engine.jdbc.connections.internal.DriverManagerConnectionProviderImpl buildCreator
INFO: HHH000401: using driver [com.mysql.jdbc.Driver] at URL [jdbc:mysql://localhost:3306/g2airline?zeroDateTimeBehavior=convertToNull]
Oct 29, 2022 10:23:39 AM org.hibernate.engine.jdbc.connections.internal.DriverManagerConnectionProviderImpl buildCreator
INFO: HHH000046: Connection properties: {user=root}
Oct 29, 2022 10:23:39 AM org.hibernate.engine.jdbc.connections.internal.DriverManagerConnectionProviderImpl buildCreator
INFO: HHH000006: Autocommit mode: false
Oct 29, 2022 10:23:39 AM org.hibernate.engine.jdbc.connections.internal.DriverManagerConnectionProviderImpl configure
INFO: HHH000115: Hibernate connection pool size: 20 (min=1)
Oct 29, 2022 10:23:39 AM org.hibernate.dialect.Dialect <init>
INFO: HHH000400: Using dialect: org.hibernate.dialect.MySQLDialect
Oct 29, 2022 10:23:39 AM org.hibernate.engine.transaction.internal.TransactionFactoryInitiator initiateService
INFO: HHH000399: Using default transaction strategy (direct JDBC transactions)
Oct 29, 2022 10:23:39 AM org.hibernate.hql.internal.ast.ASTQueryTranslatorFactory <init>
INFO: HHH000397: Using ASTQueryTranslatorFactory
Oct 29, 2022 10:23:39 AM org.hibernate.tool.hbm2ddl.SchemaUpdate execute
INFO: HHH000228: Running hbm2ddl schema update
Oct 29, 2022 10:23:39 AM org.hibernate.tool.hbm2ddl.SchemaUpdate execute
INFO: HHH000102: Fetching database metadata
Oct 29, 2022 10:23:39 AM org.hibernate.tool.hbm2ddl.SchemaUpdate execute
INFO: HHH000396: Updating schema
Oct 29, 2022 10:23:39 AM org.hibernate.tool.hbm2ddl.TableMetadata <init>
INFO: HHH000261: Table found: g2airline.admins
Oct 29, 2022 10:23:39 AM org.hibernate.tool.hbm2ddl.TableMetadata <init>
INFO: HHH000037: Columns: [password, delete_priv, update_priv, select_priv, name, id, insert_priv, username]
Oct 29, 2022 10:23:39 AM org.hibernate.tool.hbm2ddl.TableMetadata <init>
INFO: HHH000108: Foreign keys: []
Oct 29, 2022 10:23:39 AM org.hibernate.tool.hbm2ddl.TableMetadata <init>
INFO: HHH000126: Indexes: [primary]
Oct 29, 2022 10:23:39 AM org.hibernate.tool.hbm2ddl.TableMetadata <init>
INFO: HHH000261: Table found: g2airline.airlines
Oct 29, 2022 10:23:39 AM org.hibernate.tool.hbm2ddl.TableMetadata <init>
INFO: HHH000037: Columns: [code, name, id]
Oct 29, 2022 10:23:39 AM org.hibernate.tool.hbm2ddl.TableMetadata <init>
INFO: HHH000108: Foreign keys: []
Oct 29, 2022 10:23:39 AM org.hibernate.tool.hbm2ddl.TableMetadata <init>
INFO: HHH000126: Indexes: [primary]
Oct 29, 2022 10:23:39 AM org.hibernate.tool.hbm2ddl.TableMetadata <init>
INFO: HHH000261: Table found: g2airline.airplanes
Oct 29, 2022 10:23:39 AM org.hibernate.tool.hbm2ddl.TableMetadata <init>
INFO: HHH000037: Columns: [economy_seats, business_seats, airline_id, id, premium_economy_seats, first_class_seats, type, total_seats]
Oct 29, 2022 10:23:39 AM org.hibernate.tool.hbm2ddl.TableMetadata <init>
INFO: HHH000108: Foreign keys: [airplanes_airlines]
Oct 29, 2022 10:23:39 AM org.hibernate.tool.hbm2ddl.TableMetadata <init>
INFO: HHH000126: Indexes: [airplanes_airlines, primary]
Oct 29, 2022 10:23:39 AM org.hibernate.tool.hbm2ddl.TableMetadata <init>
INFO: HHH000261: Table found: g2airline.airports
Oct 29, 2022 10:23:39 AM org.hibernate.tool.hbm2ddl.TableMetadata <init>
INFO: HHH000037: Columns: [code, province, city, name, id]
Oct 29, 2022 10:23:39 AM org.hibernate.tool.hbm2ddl.TableMetadata <init>
INFO: HHH000108: Foreign keys: []
Oct 29, 2022 10:23:39 AM org.hibernate.tool.hbm2ddl.TableMetadata <init>
INFO: HHH000126: Indexes: [primary]
Oct 29, 2022 10:23:39 AM org.hibernate.tool.hbm2ddl.TableMetadata <init>
INFO: HHH000261: Table found: g2airline.business_seats
Oct 29, 2022 10:23:39 AM org.hibernate.tool.hbm2ddl.TableMetadata <init>
INFO: HHH000037: Columns: [airplane_id, number, id, row]
Oct 29, 2022 10:23:39 AM org.hibernate.tool.hbm2ddl.TableMetadata <init>
INFO: HHH000108: Foreign keys: [business_seats_airplane]
Oct 29, 2022 10:23:39 AM org.hibernate.tool.hbm2ddl.TableMetadata <init>
INFO: HHH000126: Indexes: [business_seats_airplanes, primary]
Oct 29, 2022 10:23:39 AM org.hibernate.tool.hbm2ddl.TableMetadata <init>
INFO: HHH000261: Table found: g2airline.economy_seats
Oct 29, 2022 10:23:39 AM org.hibernate.tool.hbm2ddl.TableMetadata <init>
INFO: HHH000037: Columns: [airplane_id, number, id, row]
Oct 29, 2022 10:23:39 AM org.hibernate.tool.hbm2ddl.TableMetadata <init>
INFO: HHH000108: Foreign keys: [economy_seats_airplanes]
Oct 29, 2022 10:23:39 AM org.hibernate.tool.hbm2ddl.TableMetadata <init>
INFO: HHH000126: Indexes: [economy_seats_airplanes, primary]
Oct 29, 2022 10:23:39 AM org.hibernate.tool.hbm2ddl.TableMetadata <init>
INFO: HHH000261: Table found: g2airline.first_class_seats
Oct 29, 2022 10:23:39 AM org.hibernate.tool.hbm2ddl.TableMetadata <init>
INFO: HHH000037: Columns: [airplane_id, number, id, row]
Oct 29, 2022 10:23:39 AM org.hibernate.tool.hbm2ddl.TableMetadata <init>
INFO: HHH000108: Foreign keys: [first_class_seats_airplane]
Oct 29, 2022 10:23:39 AM org.hibernate.tool.hbm2ddl.TableMetadata <init>
INFO: HHH000126: Indexes: [primary, first_class_seats_airplanes]
Oct 29, 2022 10:23:39 AM org.hibernate.tool.hbm2ddl.TableMetadata <init>
INFO: HHH000261: Table found: g2airline.flights
Oct 29, 2022 10:23:39 AM org.hibernate.tool.hbm2ddl.TableMetadata <init>
INFO: HHH000037: Columns: [airplane_id, time_of_departure, route_id, id]
Oct 29, 2022 10:23:39 AM org.hibernate.tool.hbm2ddl.TableMetadata <init>
INFO: HHH000108: Foreign keys: [flights_routes, flights_airplane]
Oct 29, 2022 10:23:39 AM org.hibernate.tool.hbm2ddl.TableMetadata <init>
INFO: HHH000126: Indexes: [flights_airplanes, flights_routes, projection_ak_1, primary]
Oct 29, 2022 10:23:39 AM org.hibernate.tool.hbm2ddl.TableMetadata <init>
INFO: HHH000261: Table found: g2airline.premium_economy_seats
Oct 29, 2022 10:23:39 AM org.hibernate.tool.hbm2ddl.TableMetadata <init>
INFO: HHH000037: Columns: [airplane_id, number, id, row]
Oct 29, 2022 10:23:39 AM org.hibernate.tool.hbm2ddl.TableMetadata <init>
INFO: HHH000108: Foreign keys: [premium_economy_seats_airplane]
Oct 29, 2022 10:23:39 AM org.hibernate.tool.hbm2ddl.TableMetadata <init>
INFO: HHH000126: Indexes: [premium_economy_seats_airplane, primary]
Oct 29, 2022 10:23:39 AM org.hibernate.tool.hbm2ddl.TableMetadata <init>
INFO: HHH000261: Table found: g2airline.reservations
Oct 29, 2022 10:23:39 AM org.hibernate.tool.hbm2ddl.TableMetadata <init>
INFO: HHH000037: Columns: [user_id, paid, active, id, flight_id]
Oct 29, 2022 10:23:39 AM org.hibernate.tool.hbm2ddl.TableMetadata <init>
INFO: HHH000108: Foreign keys: [reservations_reserving_user, reservations_projection]
Oct 29, 2022 10:23:39 AM org.hibernate.tool.hbm2ddl.TableMetadata <init>
INFO: HHH000126: Indexes: [reservations_reserving_user, reservations_projection, primary]
Oct 29, 2022 10:23:39 AM org.hibernate.tool.hbm2ddl.TableMetadata <init>
INFO: HHH000261: Table found: g2airline.reservations_info
Oct 29, 2022 10:23:39 AM org.hibernate.tool.hbm2ddl.TableMetadata <init>
INFO: HHH000037: Columns: [reservation_id, gender, name, seat_class, phone_number, id, age]
Oct 29, 2022 10:23:39 AM org.hibernate.tool.hbm2ddl.TableMetadata <init>
INFO: HHH000108: Foreign keys: [reservations_info_ibfk_1]
Oct 29, 2022 10:23:39 AM org.hibernate.tool.hbm2ddl.TableMetadata <init>
INFO: HHH000126: Indexes: [reservation_id, primary]
Oct 29, 2022 10:23:39 AM org.hibernate.tool.hbm2ddl.TableMetadata <init>
INFO: HHH000261: Table found: g2airline.routes
Oct 29, 2022 10:23:39 AM org.hibernate.tool.hbm2ddl.TableMetadata <init>
INFO: HHH000037: Columns: [departure_id, destination_id, time_of_flight, id]
Oct 29, 2022 10:23:39 AM org.hibernate.tool.hbm2ddl.TableMetadata <init>
INFO: HHH000108: Foreign keys: [routes_airports_destination, routes_airports_departure]
Oct 29, 2022 10:23:39 AM org.hibernate.tool.hbm2ddl.TableMetadata <init>
INFO: HHH000126: Indexes: [routes_airports_destination, primary, routes_airports_departure]
Oct 29, 2022 10:23:39 AM org.hibernate.tool.hbm2ddl.TableMetadata <init>
INFO: HHH000261: Table found: g2airline.users
Oct 29, 2022 10:23:39 AM org.hibernate.tool.hbm2ddl.TableMetadata <init>
INFO: HHH000037: Columns: [password, gender, date_of_birth, name, phone_number, id, title, email, username]
Oct 29, 2022 10:23:39 AM org.hibernate.tool.hbm2ddl.TableMetadata <init>
INFO: HHH000108: Foreign keys: []
Oct 29, 2022 10:23:39 AM org.hibernate.tool.hbm2ddl.TableMetadata <init>
INFO: HHH000126: Indexes: [primary]
Oct 29, 2022 10:23:39 AM org.hibernate.tool.hbm2ddl.SchemaUpdate execute
INFO: HHH000232: Schema update complete
]]></system-err>
</testsuite>
